e:\хнуре\3 курс\ос\новая папка\2\rgb\rgb\debug\rgb.pch
e:\хнуре\3 курс\ос\новая папка\2\rgb\rgb\debug\vc120.pdb
e:\хнуре\3 курс\ос\новая папка\2\rgb\rgb\debug\vc120.idb
e:\хнуре\3 курс\ос\новая папка\2\rgb\rgb\debug\stdafx.obj
e:\хнуре\3 курс\ос\новая папка\2\rgb\rgb\debug\rgb.obj
e:\хнуре\3 курс\ос\новая папка\2\rgb\rgb\debug\info.res
e:\хнуре\3 курс\ос\новая папка\2\rgb\rgb\debug\rgb.res
e:\хнуре\3 курс\ос\новая папка\2\rgb\debug\rgb.pdb
e:\хнуре\3 курс\ос\новая папка\2\rgb\rgb\debug\rgb.tlog\cl.command.1.tlog
e:\хнуре\3 курс\ос\новая папка\2\rgb\rgb\debug\rgb.tlog\cl.read.1.tlog
e:\хнуре\3 курс\ос\новая папка\2\rgb\rgb\debug\rgb.tlog\cl.write.1.tlog
e:\хнуре\3 курс\ос\новая папка\2\rgb\rgb\debug\rgb.tlog\link-cvtres.read.1.tlog
e:\хнуре\3 курс\ос\новая папка\2\rgb\rgb\debug\rgb.tlog\link-cvtres.write.1.tlog
e:\хнуре\3 курс\ос\новая папка\2\rgb\rgb\debug\rgb.tlog\link-rc.read.1.tlog
e:\хнуре\3 курс\ос\новая папка\2\rgb\rgb\debug\rgb.tlog\link-rc.write.1.tlog
e:\хнуре\3 курс\ос\новая папка\2\rgb\rgb\debug\rgb.tlog\link.5824-cvtres.read.1.tlog
e:\хнуре\3 курс\ос\новая папка\2\rgb\rgb\debug\rgb.tlog\link.5824-cvtres.write.1.tlog
e:\хнуре\3 курс\ос\новая папка\2\rgb\rgb\debug\rgb.tlog\link.5824-rc.read.1.tlog
e:\хнуре\3 курс\ос\новая папка\2\rgb\rgb\debug\rgb.tlog\link.5824-rc.write.1.tlog
e:\хнуре\3 курс\ос\новая папка\2\rgb\rgb\debug\rgb.tlog\link.5824.read.1.tlog
e:\хнуре\3 курс\ос\новая папка\2\rgb\rgb\debug\rgb.tlog\link.5824.write.1.tlog
e:\хнуре\3 курс\ос\новая папка\2\rgb\rgb\debug\rgb.tlog\link.command.1.tlog
e:\хнуре\3 курс\ос\новая папка\2\rgb\rgb\debug\rgb.tlog\link.read.1.tlog
e:\хнуре\3 курс\ос\новая папка\2\rgb\rgb\debug\rgb.tlog\link.write.1.tlog
e:\хнуре\3 курс\ос\новая папка\2\rgb\rgb\debug\rgb.tlog\rc.command.1.tlog
e:\хнуре\3 курс\ос\новая папка\2\rgb\rgb\debug\rgb.tlog\rc.read.1.tlog
e:\хнуре\3 курс\ос\новая папка\2\rgb\rgb\debug\rgb.tlog\rc.write.1.tlog
